<?xml version="1.0" encoding="UTF-8"?>
<!-- Generated by org.testng.reporters.JUnitReportReporter -->
<testsuite hostname="LAPTOP-UMA11IFC" failures="0" tests="1" name="org.herokuapp.com.tests.AmazonPageTest" time="43.769" errors="0" timestamp="2024-10-24T15:57:59 IST" skipped="0">
  <testcase classname="org.herokuapp.com.tests.AmazonPageTest" name="amazonTest" time="43.769"/>
  <system-out/>
</testsuite> <!-- org.herokuapp.com.tests.AmazonPageTest -->
