<?xml version="1.0" encoding="UTF-8"?>
<!-- Generated by org.testng.reporters.JUnitReportReporter -->
<testsuite hostname="LAPTOP-UMA11IFC" failures="0" tests="1" name="org.herokuapp.com.tests.LearnMorePageTest" time="8.283" errors="0" timestamp="2024-09-18T23:01:16 IST" skipped="0">
  <testcase classname="org.herokuapp.com.tests.LearnMorePageTest" name="waitcheck" time="8.283"/>
  <system-out/>
</testsuite> <!-- org.herokuapp.com.tests.LearnMorePageTest -->
