<?xml version="1.0" encoding="UTF-8"?>
<!-- Generated by org.testng.reporters.JUnitReportReporter -->
<testsuite hostname="LAPTOP-UMA11IFC" failures="0" tests="6" name="org.herokuapp.com.tests.HerokuAppSetTest1" time="28.388" errors="0" timestamp="2024-10-24T13:12:47 IST" skipped="2">
  <testcase classname="org.herokuapp.com.tests.HerokuAppSetTest1" name="addandRemoveElements" time="3.390"/>
  <system-out/>
  <testcase classname="org.herokuapp.com.tests.HerokuAppSetTest1" name="basicAuthTest" time="1.846"/>
  <system-out/>
  <testcase classname="org.herokuapp.com.tests.HerokuAppSetTest1" name="brokenImagesTest" time="14.773"/>
  <system-out/>
  <testcase classname="org.herokuapp.com.tests.HerokuAppSetTest1" name="checkBoxTest" time="8.379"/>
  <system-out/>
  <testcase classname="org.herokuapp.com.tests.HerokuAppSetTest1" name="challengingDomTest">
    <skipped/>
  </testcase> <!-- challengingDomTest -->
  <system-out/>
  <testcase classname="org.herokuapp.com.tests.HerokuAppSetTest1" name="fileUploadTest2">
    <skipped/>
  </testcase> <!-- fileUploadTest2 -->
  <system-out/>
</testsuite> <!-- org.herokuapp.com.tests.HerokuAppSetTest1 -->
