<?xml version="1.0" encoding="UTF-8"?>
<!-- Generated by org.testng.reporters.JUnitReportReporter -->
<testsuite hostname="LAPTOP-UMA11IFC" failures="0" tests="1" name="org.herokuapp.com.tests.AmazonPageTest" time="0.223" errors="0" timestamp="2024-09-30T11:24:48 IST" skipped="0">
  <testcase classname="org.herokuapp.com.tests.AmazonPageTest" name="waitcheck" time="0.223"/>
  <system-out/>
</testsuite> <!-- org.herokuapp.com.tests.AmazonPageTest -->
