<?xml version="1.0" encoding="UTF-8"?>
<!-- Generated by org.testng.reporters.JUnitReportReporter -->
<testsuite hostname="LAPTOP-UMA11IFC" failures="0" tests="2" name="org.herokuapp.com.tests.AmazonPageTest" time="48.054" errors="0" timestamp="2024-10-22T23:47:37 IST" skipped="1">
  <testcase classname="org.herokuapp.com.tests.AmazonPageTest" name="amazonTest" time="48.054"/>
  <system-out/>
  <testcase classname="org.herokuapp.com.tests.AmazonPageTest" name="waitcheck">
    <skipped/>
  </testcase> <!-- waitcheck -->
  <system-out/>
</testsuite> <!-- org.herokuapp.com.tests.AmazonPageTest -->
