<?xml version="1.0" encoding="UTF-8"?>
<!-- Generated by org.testng.reporters.JUnitReportReporter -->
<testsuite hostname="LAPTOP-UMA11IFC" failures="0" tests="1" name="org.herokuapp.com.tests.SeleniumLearnTest" time="15.205" errors="0" timestamp="2024-09-30T12:14:53 IST" skipped="0">
  <testcase classname="org.herokuapp.com.tests.SeleniumLearnTest" name="test" time="15.205"/>
  <system-out/>
</testsuite> <!-- org.herokuapp.com.tests.SeleniumLearnTest -->
