<?xml version="1.0" encoding="UTF-8"?>
<!-- Generated by org.testng.reporters.JUnitReportReporter -->
<testsuite hostname="LAPTOP-UMA11IFC" failures="0" tests="2" name="org.herokuapp.com.pages.OrangeHRMPageTest" time="0.101" errors="0" timestamp="2024-09-13T23:25:43 IST" skipped="0">
  <testcase classname="org.herokuapp.com.pages.OrangeHRMPageTest" name="test1" time="0.091"/>
  <system-out/>
  <testcase classname="org.herokuapp.com.pages.OrangeHRMPageTest" name="test2" time="0.010"/>
  <system-out/>
</testsuite> <!-- org.herokuapp.com.pages.OrangeHRMPageTest -->
