<?xml version="1.0" encoding="UTF-8"?>
<!-- Generated by org.testng.reporters.JUnitReportReporter -->
<testsuite hostname="LAPTOP-UMA11IFC" failures="0" tests="7" name="org.herokuapp.com.tests.HerokuAppSetTest1" time="121.194" errors="0" timestamp="2024-08-22T18:39:11 IST" skipped="2">
  <testcase classname="org.herokuapp.com.tests.HerokuAppSetTest1" name="addandRemoveElements" time="8.846"/>
  <system-out/>
  <testcase classname="org.herokuapp.com.tests.HerokuAppSetTest1" name="basicAuthTest" time="7.254"/>
  <system-out/>
  <testcase classname="org.herokuapp.com.tests.HerokuAppSetTest1" name="brokenImagesTest" time="23.854"/>
  <system-out/>
  <testcase classname="org.herokuapp.com.tests.HerokuAppSetTest1" name="challengingDomTest" time="72.469"/>
  <system-out/>
  <testcase classname="org.herokuapp.com.tests.HerokuAppSetTest1" name="checkBoxTest" time="8.771"/>
  <system-out/>
  <testcase classname="org.herokuapp.com.tests.HerokuAppSetTest1" name="fileUploadTest2">
    <skipped/>
  </testcase> <!-- fileUploadTest2 -->
  <system-out/>
  <testcase classname="org.herokuapp.com.tests.HerokuAppSetTest1" name="fileUploadTest2">
    <skipped/>
  </testcase> <!-- fileUploadTest2 -->
  <system-out/>
</testsuite> <!-- org.herokuapp.com.tests.HerokuAppSetTest1 -->
