<?xml version="1.0" encoding="UTF-8"?>
<!-- Generated by org.testng.reporters.JUnitReportReporter -->
<testsuite hostname="LAPTOP-UMA11IFC" failures="0" tests="1" name="org.herokuapp.com.tests.Newtest" time="3.614" errors="0" timestamp="2024-08-28T17:00:52 IST" skipped="0">
  <testcase classname="org.herokuapp.com.tests.Newtest" name="testRecord08282445118Pm" time="3.614"/>
  <system-out/>
</testsuite> <!-- org.herokuapp.com.tests.Newtest -->
