<?xml version="1.0" encoding="UTF-8"?>
<!-- Generated by org.testng.reporters.JUnitReportReporter -->
<testsuite hostname="LAPTOP-UMA11IFC" failures="0" tests="1" name="org.herokuapp.com.tests.BrowserLaunchTest" time="130.079" errors="0" timestamp="2024-08-07T20:19:39 IST" skipped="0">
  <testcase classname="org.herokuapp.com.tests.BrowserLaunchTest" name="challengingDomTest" time="130.079"/>
  <system-out/>
</testsuite> <!-- org.herokuapp.com.tests.BrowserLaunchTest -->
