<?xml version="1.0" encoding="UTF-8"?>
<!-- Generated by org.testng.reporters.JUnitReportReporter -->
<testsuite hostname="LAPTOP-UMA11IFC" failures="0" tests="1" name="org.herokuapp.com.tests.OrangeHRMTest" time="3.754" errors="0" timestamp="2024-09-14T14:11:30 IST" skipped="0">
  <testcase classname="org.herokuapp.com.tests.OrangeHRMTest" name="logincheck" time="3.754"/>
  <system-out/>
</testsuite> <!-- org.herokuapp.com.tests.OrangeHRMTest -->
