<?xml version="1.0" encoding="UTF-8"?>
<!-- Generated by org.testng.reporters.JUnitReportReporter -->
<testsuite hostname="LAPTOP-UMA11IFC" failures="0" tests="7" name="org.herokuapp.com.tests.HerokuAppSetTest1" time="76.160" errors="0" timestamp="2024-08-24T02:17:31 IST" skipped="2">
  <testcase classname="org.herokuapp.com.tests.HerokuAppSetTest1" name="addandRemoveElements" time="5.891"/>
  <testcase classname="org.herokuapp.com.tests.HerokuAppSetTest1" name="basicAuthTest" time="5.562"/>
  <testcase classname="org.herokuapp.com.tests.HerokuAppSetTest1" name="brokenImagesTest" time="21.361"/>
  <testcase classname="org.herokuapp.com.tests.HerokuAppSetTest1" name="challengingDomTest" time="37.539"/>
  <testcase classname="org.herokuapp.com.tests.HerokuAppSetTest1" name="checkBoxTest" time="5.807"/>
  <testcase classname="org.herokuapp.com.tests.HerokuAppSetTest1" name="fileUploadTest2">
    <skipped/>
  </testcase> <!-- fileUploadTest2 -->
  <testcase classname="org.herokuapp.com.tests.HerokuAppSetTest1" name="fileUploadTest2">
    <skipped/>
  </testcase> <!-- fileUploadTest2 -->
</testsuite> <!-- org.herokuapp.com.tests.HerokuAppSetTest1 -->
